#-----------------------------------------------------------
# Vivado v2020.2 (64-bit)
# SW Build 3064766 on Wed Nov 18 09:12:45 MST 2020
# IP Build 3064653 on Wed Nov 18 14:17:31 MST 2020
# Start of session at: Sat May 20 11:28:05 2023
# Process ID: 7760
# Current directory: C:/Users/jiangyi/Desktop/lab5
# Command line: vivado.exe -gui_launcher_event rodinguilauncherevent9748 C:\Users\jiangyi\Desktop\lab5\lab5.xpr
# Log file: C:/Users/jiangyi/Desktop/lab5/vivado.log
# Journal file: C:/Users/jiangyi/Desktop/lab5\vivado.jou
#-----------------------------------------------------------
start_gui
open_project C:/Users/jiangyi/Desktop/lab5/lab5.xpr
Scanning sources...
Finished scanning sources
INFO: [IP_Flow 19-234] Refreshing IP repositories
INFO: [IP_Flow 19-1704] No user IP repositories specified
INFO: [IP_Flow 19-2313] Loaded Vivado IP repository 'D:/vivado_xilinx/Vivado/2020.2/data/ip'.
open_project: Time (s): cpu = 00:00:20 ; elapsed = 00:00:06 . Memory (MB): peak = 1202.918 ; gain = 0.000
update_compile_order -fileset sources_1
export_ip_user_files -of_objects  [get_files C:/Users/jiangyi/Desktop/lab5/OExp05-Pipeline_CPU/Pipeline_IF.v] -no_script -reset -force -quiet
remove_files  C:/Users/jiangyi/Desktop/lab5/OExp05-Pipeline_CPU/Pipeline_IF.v
export_ip_user_files -of_objects  [get_files C:/Users/jiangyi/Desktop/lab5/OExp05-Pipeline_CPU/Pipeline_IF.edf] -no_script -reset -force -quiet
remove_files  C:/Users/jiangyi/Desktop/lab5/OExp05-Pipeline_CPU/Pipeline_IF.edf
add_files -norecurse C:/Users/jiangyi/Desktop/lab5/lab5.srcs/sources_1/new/Pipeline_IF.v
update_compile_order -fileset sources_1
export_ip_user_files -of_objects  [get_files C:/Users/jiangyi/Desktop/lab5/OExp05-Pipeline_CPU/Pipeline_ID.v] -no_script -reset -force -quiet
remove_files  C:/Users/jiangyi/Desktop/lab5/OExp05-Pipeline_CPU/Pipeline_ID.v
export_ip_user_files -of_objects  [get_files C:/Users/jiangyi/Desktop/lab5/OExp05-Pipeline_CPU/Pipeline_ID.edf] -no_script -reset -force -quiet
remove_files  C:/Users/jiangyi/Desktop/lab5/OExp05-Pipeline_CPU/Pipeline_ID.edf
add_files -norecurse C:/Users/jiangyi/Desktop/lab5/lab5.srcs/sources_1/new/Pipeline_ID.v
update_compile_order -fileset sources_1
reset_run synth_1
launch_runs synth_1 -jobs 4
[Sat May 20 11:55:54 2023] Launched synth_1...
Run output will be captured here: C:/Users/jiangyi/Desktop/lab5/lab5.runs/synth_1/runme.log
reset_run synth_1
launch_runs synth_1 -jobs 4
[Sat May 20 11:56:45 2023] Launched synth_1...
Run output will be captured here: C:/Users/jiangyi/Desktop/lab5/lab5.runs/synth_1/runme.log
reset_run synth_1
launch_runs synth_1 -jobs 4
[Sat May 20 12:00:57 2023] Launched synth_1...
Run output will be captured here: C:/Users/jiangyi/Desktop/lab5/lab5.runs/synth_1/runme.log
reset_run synth_1
launch_runs synth_1 -jobs 4
[Sat May 20 12:02:11 2023] Launched synth_1...
Run output will be captured here: C:/Users/jiangyi/Desktop/lab5/lab5.runs/synth_1/runme.log
exit
INFO: [Common 17-206] Exiting Vivado at Sat May 20 12:03:36 2023...
