Copyright 1986-2020 Xilinx, Inc. All Rights Reserved.
-------------------------------------------------------------------------------------------------------------------------------------
| Tool Version     : Vivado v.2020.2 (win64) Build 3064766 Wed Nov 18 09:12:45 MST 2020
| Date             : Thu May  4 17:23:36 2023
| Host             : LAPTOP-N45E0KJV running 64-bit major release  (build 9200)
| Command          : report_power -file CSSTE_power_routed.rpt -pb CSSTE_power_summary_routed.pb -rpx CSSTE_power_routed.rpx
| Design           : CSSTE
| Device           : xc7k160tiffg676-2L
| Design State     : routed
| Grade            : industrial
| Process          : typical
| Characterization : Production
-------------------------------------------------------------------------------------------------------------------------------------

Power Report

Table of Contents
-----------------
1. Summary
1.1 On-Chip Components
1.2 Power Supply Summary
1.3 Confidence Level
2. Settings
2.1 Environment
2.2 Clock Constraints
3. Detailed Reports
3.1 By Hierarchy

1. Summary
----------

+--------------------------+--------------+
| Total On-Chip Power (W)  | 45.288       |
| Design Power Budget (W)  | Unspecified* |
| Power Budget Margin (W)  | NA           |
| Dynamic (W)              | 44.451       |
| Device Static (W)        | 0.837        |
| Effective TJA (C/W)      | 1.9          |
| Max Ambient (C)          | 12.8         |
| Junction Temperature (C) | 112.2        |
| Confidence Level         | Low          |
| Setting File             | ---          |
| Simulation Activity File | ---          |
| Design Nets Matched      | NA           |
+--------------------------+--------------+
* Specify Design Power Budget using, set_operating_conditions -design_power_budget <value in Watts>


1.1 On-Chip Components
----------------------

+--------------------------+-----------+----------+-----------+-----------------+
| On-Chip                  | Power (W) | Used     | Available | Utilization (%) |
+--------------------------+-----------+----------+-----------+-----------------+
| Slice Logic              |     7.998 |     6187 |       --- |             --- |
|   LUT as Logic           |     7.442 |     3115 |    101400 |            3.07 |
|   CARRY4                 |     0.288 |      101 |     25350 |            0.40 |
|   F7/F8 Muxes            |     0.129 |      537 |    101400 |            0.53 |
|   Register               |     0.094 |     1577 |    202800 |            0.78 |
|   BUFG                   |     0.032 |        5 |        32 |           15.63 |
|   LUT as Distributed RAM |     0.013 |      640 |     35000 |            1.83 |
|   Others                 |     0.000 |       27 |       --- |             --- |
| Signals                  |    16.835 |     4691 |       --- |             --- |
| Block RAM                |     0.122 |        1 |       325 |            0.31 |
| I/O                      |    19.496 |       44 |       400 |           11.00 |
| Static Power             |     0.837 |          |           |                 |
| Total                    |    45.288 |          |           |                 |
+--------------------------+-----------+----------+-----------+-----------------+


1.2 Power Supply Summary
------------------------

+-----------+-------------+-----------+-------------+------------+-------------+-------------+------------+
| Source    | Voltage (V) | Total (A) | Dynamic (A) | Static (A) | Powerup (A) | Budget (A)  | Margin (A) |
+-----------+-------------+-----------+-------------+------------+-------------+-------------+------------+
| Vccint    |       0.950 |    27.031 |      26.347 |      0.684 |       NA    | Unspecified | NA         |
| Vccaux    |       1.800 |     0.780 |       0.710 |      0.070 |       NA    | Unspecified | NA         |
| Vcco33    |       3.300 |     5.482 |       5.481 |      0.001 |       NA    | Unspecified | NA         |
| Vcco25    |       2.500 |     0.000 |       0.000 |      0.000 |       NA    | Unspecified | NA         |
| Vcco18    |       1.800 |     0.011 |       0.010 |      0.001 |       NA    | Unspecified | NA         |
| Vcco15    |       1.500 |     0.020 |       0.019 |      0.001 |       NA    | Unspecified | NA         |
| Vcco135   |       1.350 |     0.000 |       0.000 |      0.000 |       NA    | Unspecified | NA         |
| Vcco12    |       1.200 |     0.000 |       0.000 |      0.000 |       NA    | Unspecified | NA         |
| Vccaux_io |       1.800 |     0.000 |       0.000 |      0.000 |       NA    | Unspecified | NA         |
| Vccbram   |       0.950 |     0.033 |       0.010 |      0.023 |       NA    | Unspecified | NA         |
| MGTAVcc   |       1.000 |     0.000 |       0.000 |      0.000 |       NA    | Unspecified | NA         |
| MGTAVtt   |       1.200 |     0.000 |       0.000 |      0.000 |       NA    | Unspecified | NA         |
| MGTVccaux |       1.800 |     0.000 |       0.000 |      0.000 |       NA    | Unspecified | NA         |
| Vccadc    |       1.800 |     0.018 |       0.000 |      0.018 |       NA    | Unspecified | NA         |
+-----------+-------------+-----------+-------------+------------+-------------+-------------+------------+


1.3 Confidence Level
--------------------

+-----------------------------+------------+--------------------------------------------------------+--------------------------------------------------------------------------------------------------------------------+
| User Input Data             | Confidence | Details                                                | Action                                                                                                             |
+-----------------------------+------------+--------------------------------------------------------+--------------------------------------------------------------------------------------------------------------------+
| Design implementation state | High       | Design is routed                                       |                                                                                                                    |
| Clock nodes activity        | Low        | User specified less than 75% of clocks                 | Provide missing clock activity with a constraint file, simulation results or by editing the "By Clock Domain" view |
| I/O nodes activity          | Low        | More than 75% of inputs are missing user specification | Provide missing input activity with simulation results or by editing the "By Resource Type -> I/Os" view           |
| Internal nodes activity     | Medium     | User specified less than 25% of internal nodes         | Provide missing internal nodes activity with simulation results or by editing the "By Resource Type" views         |
| Device models               | High       | Device models are Production                           |                                                                                                                    |
|                             |            |                                                        |                                                                                                                    |
| Overall confidence level    | Low        |                                                        |                                                                                                                    |
+-----------------------------+------------+--------------------------------------------------------+--------------------------------------------------------------------------------------------------------------------+


2. Settings
-----------

2.1 Environment
---------------

+-----------------------+--------------------------+
| Ambient Temp (C)      | 25.0                     |
| ThetaJA (C/W)         | 1.9                      |
| Airflow (LFM)         | 250                      |
| Heat Sink             | medium (Medium Profile)  |
| ThetaSA (C/W)         | 3.4                      |
| Board Selection       | medium (10"x10")         |
| # of Board Layers     | 12to15 (12 to 15 Layers) |
| Board Temperature (C) | 25.0                     |
+-----------------------+--------------------------+


2.2 Clock Constraints
---------------------

+-------+--------+-----------------+
| Clock | Domain | Constraint (ns) |
+-------+--------+-----------------+


3. Detailed Reports
-------------------

3.1 By Hierarchy
----------------

+-----------------------------------+-----------+
| Name                              | Power (W) |
+-----------------------------------+-----------+
| CSSTE                             |    44.451 |
|   U1                              |     9.344 |
|     myDataPath                    |     9.344 |
|       myALU                       |     0.390 |
|       myRegs                      |     7.719 |
|   U10                             |     0.979 |
|   U11                             |     9.873 |
|     vga_controller                |     2.923 |
|     vga_debugger                  |     6.346 |
|     vga_display                   |     0.604 |
|   U2                              |     1.020 |
|     U0                            |     1.020 |
|       synth_options.dist_mem_inst |     1.020 |
|   U3                              |     0.443 |
|     U0                            |     0.443 |
|       inst_blk_mem_gen            |     0.443 |
|   U4                              |     0.625 |
|   U5                              |     0.685 |
|   U6                              |     1.221 |
|     M2                            |     0.314 |
|     SM1                           |     0.907 |
|       HTS0                        |     0.113 |
|       HTS1                        |     0.107 |
|       HTS2                        |     0.110 |
|       HTS3                        |     0.107 |
|       HTS4                        |     0.110 |
|       HTS5                        |     0.112 |
|       HTS6                        |     0.127 |
|       HTS7                        |     0.121 |
|   U7                              |     0.136 |
|     LED_P2S                       |     0.136 |
|   U8                              |     0.360 |
|   U9                              |     0.106 |
+-----------------------------------+-----------+


