#-----------------------------------------------------------
# Vivado v2020.2 (64-bit)
# SW Build 3064766 on Wed Nov 18 09:12:45 MST 2020
# IP Build 3064653 on Wed Nov 18 14:17:31 MST 2020
# Start of session at: Thu Apr 20 21:48:13 2023
# Process ID: 19592
# Current directory: C:/Users/jiangyi/Desktop/lab2
# Command line: vivado.exe -gui_launcher_event rodinguilauncherevent19100 C:\Users\jiangyi\Desktop\lab2\OExp02-IP2SOC.xpr
# Log file: C:/Users/jiangyi/Desktop/lab2/vivado.log
# Journal file: C:/Users/jiangyi/Desktop/lab2\vivado.jou
#-----------------------------------------------------------
start_gui
open_project C:/Users/jiangyi/Desktop/lab2/OExp02-IP2SOC.xpr
INFO: [Project 1-313] Project file moved from 'C:/Users/jiangyi/Desktop/Lab02 CPU Environment Building/OExp02-IP2SOC' since last save.
Scanning sources...
Finished scanning sources
INFO: [IP_Flow 19-234] Refreshing IP repositories
INFO: [IP_Flow 19-1700] Loaded user IP repository 'c:/Users/jiangyi/Desktop/lab2/IP/CPU'.
WARNING: [IP_Flow 19-3685] Ignored loading user repository 'c:/Users/jiangyi/Desktop/lab2/IP/Supplementary/SSeg7_Dev'. The path is contained within another repository.
INFO: [IP_Flow 19-1700] Loaded user IP repository 'c:/Users/jiangyi/Desktop/lab2/IP/Logic'.
INFO: [IP_Flow 19-1700] Loaded user IP repository 'c:/Users/jiangyi/Desktop/lab2/IP/MUX'.
INFO: [IP_Flow 19-1700] Loaded user IP repository 'c:/Users/jiangyi/Desktop/lab2/IP/Supplementary'.
INFO: [IP_Flow 19-2313] Loaded Vivado IP repository 'D:/vivado_xilinx/Vivado/2020.2/data/ip'.
open_project: Time (s): cpu = 00:00:15 ; elapsed = 00:00:06 . Memory (MB): peak = 1228.348 ; gain = 0.000
update_compile_order -fileset sources_1
reset_run synth_1
launch_runs synth_1 -jobs 4
[Thu Apr 20 21:48:44 2023] Launched synth_1...
Run output will be captured here: C:/Users/jiangyi/Desktop/lab2/OExp02-IP2SOC.runs/synth_1/runme.log
exit
INFO: [Common 17-206] Exiting Vivado at Thu Apr 20 21:49:44 2023...
