Copyright 1986-2020 Xilinx, Inc. All Rights Reserved.
-------------------------------------------------------------------------------------------------------------------------------------
| Tool Version     : Vivado v.2020.2 (win64) Build 3064766 Wed Nov 18 09:12:45 MST 2020
| Date             : Thu Apr 27 17:21:21 2023
| Host             : LAPTOP-N45E0KJV running 64-bit major release  (build 9200)
| Command          : report_power -file CSSTE_power_routed.rpt -pb CSSTE_power_summary_routed.pb -rpx CSSTE_power_routed.rpx
| Design           : CSSTE
| Device           : xc7k160tiffg676-2L
| Design State     : routed
| Grade            : industrial
| Process          : typical
| Characterization : Production
-------------------------------------------------------------------------------------------------------------------------------------

Power Report

Table of Contents
-----------------
1. Summary
1.1 On-Chip Components
1.2 Power Supply Summary
1.3 Confidence Level
2. Settings
2.1 Environment
2.2 Clock Constraints
3. Detailed Reports
3.1 By Hierarchy

1. Summary
----------

+--------------------------+--------------+
| Total On-Chip Power (W)  | 39.551       |
| Design Power Budget (W)  | Unspecified* |
| Power Budget Margin (W)  | NA           |
| Dynamic (W)              | 38.948       |
| Device Static (W)        | 0.603        |
| Effective TJA (C/W)      | 1.9          |
| Max Ambient (C)          | 23.9         |
| Junction Temperature (C) | 101.1        |
| Confidence Level         | Low          |
| Setting File             | ---          |
| Simulation Activity File | ---          |
| Design Nets Matched      | NA           |
+--------------------------+--------------+
* Specify Design Power Budget using, set_operating_conditions -design_power_budget <value in Watts>


1.1 On-Chip Components
----------------------

+--------------------------+-----------+----------+-----------+-----------------+
| On-Chip                  | Power (W) | Used     | Available | Utilization (%) |
+--------------------------+-----------+----------+-----------+-----------------+
| Slice Logic              |     5.939 |     5784 |       --- |             --- |
|   LUT as Logic           |     5.349 |     2634 |    101400 |            2.60 |
|   CARRY4                 |     0.347 |      108 |     25350 |            0.43 |
|   Register               |     0.103 |     1476 |    202800 |            0.73 |
|   F7/F8 Muxes            |     0.098 |      770 |    101400 |            0.76 |
|   BUFG                   |     0.030 |        5 |        32 |           15.63 |
|   LUT as Distributed RAM |     0.012 |      640 |     35000 |            1.83 |
|   Others                 |     0.000 |       31 |       --- |             --- |
| Signals                  |    11.266 |     3893 |       --- |             --- |
| Block RAM                |     0.122 |        1 |       325 |            0.31 |
| I/O                      |    21.621 |       44 |       400 |           11.00 |
| Static Power             |     0.603 |          |           |                 |
| Total                    |    39.551 |          |           |                 |
+--------------------------+-----------+----------+-----------+-----------------+


1.2 Power Supply Summary
------------------------

+-----------+-------------+-----------+-------------+------------+-------------+-------------+------------+
| Source    | Voltage (V) | Total (A) | Dynamic (A) | Static (A) | Powerup (A) | Budget (A)  | Margin (A) |
+-----------+-------------+-----------+-------------+------------+-------------+-------------+------------+
| Vccint    |       0.950 |    18.796 |      18.318 |      0.478 |       NA    | Unspecified | NA         |
| Vccaux    |       1.800 |     0.840 |       0.788 |      0.053 |       NA    | Unspecified | NA         |
| Vcco33    |       3.300 |     6.084 |       6.083 |      0.001 |       NA    | Unspecified | NA         |
| Vcco25    |       2.500 |     0.000 |       0.000 |      0.000 |       NA    | Unspecified | NA         |
| Vcco18    |       1.800 |     0.011 |       0.010 |      0.001 |       NA    | Unspecified | NA         |
| Vcco15    |       1.500 |     0.020 |       0.019 |      0.001 |       NA    | Unspecified | NA         |
| Vcco135   |       1.350 |     0.000 |       0.000 |      0.000 |       NA    | Unspecified | NA         |
| Vcco12    |       1.200 |     0.000 |       0.000 |      0.000 |       NA    | Unspecified | NA         |
| Vccaux_io |       1.800 |     0.000 |       0.000 |      0.000 |       NA    | Unspecified | NA         |
| Vccbram   |       0.950 |     0.026 |       0.010 |      0.015 |       NA    | Unspecified | NA         |
| MGTAVcc   |       1.000 |     0.000 |       0.000 |      0.000 |       NA    | Unspecified | NA         |
| MGTAVtt   |       1.200 |     0.000 |       0.000 |      0.000 |       NA    | Unspecified | NA         |
| MGTVccaux |       1.800 |     0.000 |       0.000 |      0.000 |       NA    | Unspecified | NA         |
| Vccadc    |       1.800 |     0.018 |       0.000 |      0.018 |       NA    | Unspecified | NA         |
+-----------+-------------+-----------+-------------+------------+-------------+-------------+------------+


1.3 Confidence Level
--------------------

+-----------------------------+------------+--------------------------------------------------------+--------------------------------------------------------------------------------------------------------------------+
| User Input Data             | Confidence | Details                                                | Action                                                                                                             |
+-----------------------------+------------+--------------------------------------------------------+--------------------------------------------------------------------------------------------------------------------+
| Design implementation state | High       | Design is routed                                       |                                                                                                                    |
| Clock nodes activity        | Low        | User specified less than 75% of clocks                 | Provide missing clock activity with a constraint file, simulation results or by editing the "By Clock Domain" view |
| I/O nodes activity          | Low        | More than 75% of inputs are missing user specification | Provide missing input activity with simulation results or by editing the "By Resource Type -> I/Os" view           |
| Internal nodes activity     | Medium     | User specified less than 25% of internal nodes         | Provide missing internal nodes activity with simulation results or by editing the "By Resource Type" views         |
| Device models               | High       | Device models are Production                           |                                                                                                                    |
|                             |            |                                                        |                                                                                                                    |
| Overall confidence level    | Low        |                                                        |                                                                                                                    |
+-----------------------------+------------+--------------------------------------------------------+--------------------------------------------------------------------------------------------------------------------+


2. Settings
-----------

2.1 Environment
---------------

+-----------------------+--------------------------+
| Ambient Temp (C)      | 25.0                     |
| ThetaJA (C/W)         | 1.9                      |
| Airflow (LFM)         | 250                      |
| Heat Sink             | medium (Medium Profile)  |
| ThetaSA (C/W)         | 3.4                      |
| Board Selection       | medium (10"x10")         |
| # of Board Layers     | 12to15 (12 to 15 Layers) |
| Board Temperature (C) | 25.0                     |
+-----------------------+--------------------------+


2.2 Clock Constraints
---------------------

+-------+--------+-----------------+
| Clock | Domain | Constraint (ns) |
+-------+--------+-----------------+


3. Detailed Reports
-------------------

3.1 By Hierarchy
----------------

+-----------------------------------+-----------+
| Name                              | Power (W) |
+-----------------------------------+-----------+
| CSSTE                             |    38.948 |
|   U1                              |     2.492 |
|     myDataPath                    |     1.998 |
|       myALU                       |     0.123 |
|       myRegs                      |     0.730 |
|     mySCPU_ctrl                   |     0.494 |
|   U10                             |     1.350 |
|   U11                             |     9.365 |
|     vga_controller                |     2.973 |
|     vga_debugger                  |     5.748 |
|     vga_display                   |     0.643 |
|   U2                              |     0.623 |
|     U0                            |     0.623 |
|       synth_options.dist_mem_inst |     0.623 |
|   U3                              |     0.390 |
|     U0                            |     0.390 |
|       inst_blk_mem_gen            |     0.390 |
|   U4                              |     0.487 |
|   U5                              |     0.623 |
|   U6                              |     1.289 |
|     M2                            |     0.490 |
|     SM1                           |     0.798 |
|       HTS0                        |     0.114 |
|       HTS1                        |     0.086 |
|       HTS2                        |     0.086 |
|       HTS3                        |     0.080 |
|       HTS4                        |     0.085 |
|       HTS5                        |     0.105 |
|       HTS6                        |     0.129 |
|       HTS7                        |     0.113 |
|   U7                              |     0.128 |
|     LED_P2S                       |     0.128 |
|   U8                              |     0.316 |
|   U9                              |     0.104 |
+-----------------------------------+-----------+


