#-----------------------------------------------------------
# Vivado v2020.2 (64-bit)
# SW Build 3064766 on Wed Nov 18 09:12:45 MST 2020
# IP Build 3064653 on Wed Nov 18 14:17:31 MST 2020
# Start of session at: Thu Mar  9 16:40:51 2023
# Process ID: 12156
# Current directory: C:/Users/jiangyi/Desktop/LAB1/Regs
# Command line: vivado.exe -gui_launcher_event rodinguilauncherevent4480 C:\Users\jiangyi\Desktop\LAB1\Regs\Regs.xpr
# Log file: C:/Users/jiangyi/Desktop/LAB1/Regs/vivado.log
# Journal file: C:/Users/jiangyi/Desktop/LAB1/Regs\vivado.jou
#-----------------------------------------------------------
start_gui
open_project C:/Users/jiangyi/Desktop/LAB1/Regs/Regs.xpr
WARNING: [filemgmt 56-3] Default IP Output Path : Could not find the directory 'C:/Users/jiangyi/Desktop/LAB1/Regs/Regs.gen/sources_1'.
Scanning sources...
Finished scanning sources
INFO: [IP_Flow 19-234] Refreshing IP repositories
INFO: [IP_Flow 19-1700] Loaded user IP repository 'c:/Users/jiangyi/Desktop/LAB1/Regs/Regs.srcs'.
INFO: [IP_Flow 19-2313] Loaded Vivado IP repository 'D:/vivado_xilinx/Vivado/2020.2/data/ip'.
update_compile_order -fileset sources_1
launch_simulation
Command: launch_simulation 
INFO: [Vivado 12-5682] Launching behavioral simulation in 'C:/Users/jiangyi/Desktop/LAB1/Regs/Regs.sim/sim_1/behav/xsim'
INFO: [SIM-utils-51] Simulation object is 'sim_1'
INFO: [SIM-utils-54] Inspecting design source files for 'regs_tb' in fileset 'sim_1'...
INFO: [USF-XSim-97] Finding global include files...
INFO: [USF-XSim-98] Fetching design files from 'sim_1'...
INFO: [USF-XSim-2] XSim::Compile design
INFO: [USF-XSim-61] Executing 'COMPILE and ANALYZE' step in 'C:/Users/jiangyi/Desktop/LAB1/Regs/Regs.sim/sim_1/behav/xsim'
"xvlog --incr --relax -prj regs_tb_vlog.prj"
INFO: [USF-XSim-69] 'compile' step finished in '1' seconds
INFO: [USF-XSim-3] XSim::Elaborate design
INFO: [USF-XSim-61] Executing 'ELABORATE' step in 'C:/Users/jiangyi/Desktop/LAB1/Regs/Regs.sim/sim_1/behav/xsim'
"xelab -wto 4155563329bd4bcab4e8d21a496988a2 --incr --debug typical --relax --mt 2 -L xil_defaultlib -L unisims_ver -L unimacro_ver -L secureip --snapshot regs_tb_behav xil_defaultlib.regs_tb xil_defaultlib.glbl -log elaborate.log"
Vivado Simulator 2020.2
Copyright 1986-1999, 2001-2020 Xilinx, Inc. All Rights Reserved.
Running: D:/vivado_xilinx/Vivado/2020.2/bin/unwrapped/win64.o/xelab.exe -wto 4155563329bd4bcab4e8d21a496988a2 --incr --debug typical --relax --mt 2 -L xil_defaultlib -L unisims_ver -L unimacro_ver -L secureip --snapshot regs_tb_behav xil_defaultlib.regs_tb xil_defaultlib.glbl -log elaborate.log 
Using 2 slave threads.
Starting static elaboration
Pass Through NonSizing Optimizer
Completed static elaboration
INFO: [XSIM 43-4323] No Change in HDL. Linking previously generated obj files to create kernel
INFO: [USF-XSim-69] 'elaborate' step finished in '1' seconds
INFO: [USF-XSim-4] XSim::Simulate design
INFO: [USF-XSim-61] Executing 'SIMULATE' step in 'C:/Users/jiangyi/Desktop/LAB1/Regs/Regs.sim/sim_1/behav/xsim'
INFO: [USF-XSim-98] *** Running xsim
   with args "regs_tb_behav -key {Behavioral:sim_1:Functional:regs_tb} -tclbatch {regs_tb.tcl} -log {simulate.log}"
INFO: [USF-XSim-8] Loading simulator feature
Vivado Simulator 2020.2
Time resolution is 1 ps
source regs_tb.tcl
# set curr_wave [current_wave_config]
# if { [string length $curr_wave] == 0 } {
#   if { [llength [get_objects]] > 0} {
#     add_wave /
#     set_property needs_save false [current_wave_config]
#   } else {
#      send_msg_id Add_Wave-1 WARNING "No top level signals found. Simulator will start without a wave window. If you want to open a wave window go to 'File->New Waveform Configuration' or type 'create_wave_config' in the TCL console."
#   }
# }
# run 1000ns
$finish called at time : 300 ns : File "C:/Users/jiangyi/Desktop/LAB1/Regs/Regs.srcs/sim_1/new/regs_tb.v" Line 57
INFO: [USF-XSim-96] XSim completed. Design snapshot 'regs_tb_behav' loaded.
INFO: [USF-XSim-97] XSim simulation ran for 1000ns
launch_simulation: Time (s): cpu = 00:00:11 ; elapsed = 00:00:07 . Memory (MB): peak = 1225.207 ; gain = 0.000
close_sim
INFO: [Simtcl 6-16] Simulation closed
exit
INFO: [Common 17-206] Exiting Vivado at Thu Mar  9 16:46:23 2023...
