#-----------------------------------------------------------
# Vivado v2020.2 (64-bit)
# SW Build 3064766 on Wed Nov 18 09:12:45 MST 2020
# IP Build 3064653 on Wed Nov 18 14:17:31 MST 2020
# Start of session at: Sun Apr 30 20:13:50 2023
# Process ID: 12948
# Current directory: C:/Users/jiangyi/Desktop/lab4-3
# Command line: vivado.exe -gui_launcher_event rodinguilauncherevent9872 C:\Users\jiangyi\Desktop\lab4-3\lab4-3.xpr
# Log file: C:/Users/jiangyi/Desktop/lab4-3/vivado.log
# Journal file: C:/Users/jiangyi/Desktop/lab4-3\vivado.jou
#-----------------------------------------------------------
start_gui
open_project C:/Users/jiangyi/Desktop/lab4-3/lab4-3.xpr
Scanning sources...
Finished scanning sources
INFO: [IP_Flow 19-234] Refreshing IP repositories
INFO: [IP_Flow 19-1700] Loaded user IP repository 'c:/Users/jiangyi/Desktop/lab4-3/Supplementary'.
INFO: [IP_Flow 19-2313] Loaded Vivado IP repository 'D:/vivado_xilinx/Vivado/2020.2/data/ip'.
update_compile_order -fileset sources_1
exit
INFO: [Common 17-206] Exiting Vivado at Sun Apr 30 20:17:03 2023...
